<?xml version="1.0" encoding="UTF-8"?>
<!-- Generated by org.testng.reporters.JUnitReportReporter -->
<testsuite hostname="bcd07447d257.ant.amazon.com" failures="0" tests="1" name="org.LoginTest1" time="22.040" errors="0" timestamp="2024-04-27T13:39:13 IST" skipped="0">
  <testcase classname="org.LoginTest1" name="successLogin" time="22.040"/>
  <system-out/>
</testsuite> <!-- org.LoginTest1 -->
